<component name="libraryTable">
  <library name="JUnit4">
    <CLASSES />
    <JAVADOC />
    <SOURCES />
  </library>
</component>